0 info it worked if it ends with ok
1 verbose cli [ '/Users/sovanta/.nvm/versions/node/v6.0.0/bin/node',
1 verbose cli   '/Users/sovanta/.nvm/versions/node/v6.0.0/bin/npm',
1 verbose cli   'install',
1 verbose cli   'babel',
1 verbose cli   'babel-cli',
1 verbose cli   'babel-eslint',
1 verbose cli   'babel-plugin-transform-class-properties',
1 verbose cli   'babel-plugin-transform-decorators-legacy',
1 verbose cli   'babel-plugin-transform-regenerator',
1 verbose cli   'babel-preset-en',
1 verbose cli   'babel-preset-es2015',
1 verbose cli   'babel-preset-stage-1' ]
2 info using npm@3.8.6
3 info using node@v6.0.0
4 silly loadCurrentTree Starting
5 silly install loadCurrentTree
6 silly install readLocalPackageData
7 silly fetchPackageMetaData babel
8 silly fetchPackageMetaData babel-cli
9 silly fetchPackageMetaData babel-eslint
10 silly fetchPackageMetaData babel-plugin-transform-class-properties
11 silly fetchPackageMetaData babel-plugin-transform-decorators-legacy
12 silly fetchPackageMetaData babel-plugin-transform-regenerator
13 silly fetchPackageMetaData babel-preset-en
14 silly fetchPackageMetaData babel-preset-es2015
15 silly fetchPackageMetaData babel-preset-stage-1
16 silly fetchNamedPackageData babel
17 silly mapToRegistry name babel
18 silly mapToRegistry using default registry
19 silly mapToRegistry registry https://registry.npmjs.org/
20 silly mapToRegistry data Result {
20 silly mapToRegistry   raw: 'babel',
20 silly mapToRegistry   scope: null,
20 silly mapToRegistry   name: 'babel',
20 silly mapToRegistry   rawSpec: '',
20 silly mapToRegistry   spec: 'latest',
20 silly mapToRegistry   type: 'tag' }
21 silly mapToRegistry uri https://registry.npmjs.org/babel
22 silly fetchNamedPackageData babel-cli
23 silly mapToRegistry name babel-cli
24 silly mapToRegistry using default registry
25 silly mapToRegistry registry https://registry.npmjs.org/
26 silly mapToRegistry data Result {
26 silly mapToRegistry   raw: 'babel-cli',
26 silly mapToRegistry   scope: null,
26 silly mapToRegistry   name: 'babel-cli',
26 silly mapToRegistry   rawSpec: '',
26 silly mapToRegistry   spec: 'latest',
26 silly mapToRegistry   type: 'tag' }
27 silly mapToRegistry uri https://registry.npmjs.org/babel-cli
28 silly fetchNamedPackageData babel-eslint
29 silly mapToRegistry name babel-eslint
30 silly mapToRegistry using default registry
31 silly mapToRegistry registry https://registry.npmjs.org/
32 silly mapToRegistry data Result {
32 silly mapToRegistry   raw: 'babel-eslint',
32 silly mapToRegistry   scope: null,
32 silly mapToRegistry   name: 'babel-eslint',
32 silly mapToRegistry   rawSpec: '',
32 silly mapToRegistry   spec: 'latest',
32 silly mapToRegistry   type: 'tag' }
33 silly mapToRegistry uri https://registry.npmjs.org/babel-eslint
34 silly fetchNamedPackageData babel-plugin-transform-class-properties
35 silly mapToRegistry name babel-plugin-transform-class-properties
36 silly mapToRegistry using default registry
37 silly mapToRegistry registry https://registry.npmjs.org/
38 silly mapToRegistry data Result {
38 silly mapToRegistry   raw: 'babel-plugin-transform-class-properties',
38 silly mapToRegistry   scope: null,
38 silly mapToRegistry   name: 'babel-plugin-transform-class-properties',
38 silly mapToRegistry   rawSpec: '',
38 silly mapToRegistry   spec: 'latest',
38 silly mapToRegistry   type: 'tag' }
39 silly mapToRegistry uri https://registry.npmjs.org/babel-plugin-transform-class-properties
40 silly fetchNamedPackageData babel-plugin-transform-decorators-legacy
41 silly mapToRegistry name babel-plugin-transform-decorators-legacy
42 silly mapToRegistry using default registry
43 silly mapToRegistry registry https://registry.npmjs.org/
44 silly mapToRegistry data Result {
44 silly mapToRegistry   raw: 'babel-plugin-transform-decorators-legacy',
44 silly mapToRegistry   scope: null,
44 silly mapToRegistry   name: 'babel-plugin-transform-decorators-legacy',
44 silly mapToRegistry   rawSpec: '',
44 silly mapToRegistry   spec: 'latest',
44 silly mapToRegistry   type: 'tag' }
45 silly mapToRegistry uri https://registry.npmjs.org/babel-plugin-transform-decorators-legacy
46 silly fetchNamedPackageData babel-plugin-transform-regenerator
47 silly mapToRegistry name babel-plugin-transform-regenerator
48 silly mapToRegistry using default registry
49 silly mapToRegistry registry https://registry.npmjs.org/
50 silly mapToRegistry data Result {
50 silly mapToRegistry   raw: 'babel-plugin-transform-regenerator',
50 silly mapToRegistry   scope: null,
50 silly mapToRegistry   name: 'babel-plugin-transform-regenerator',
50 silly mapToRegistry   rawSpec: '',
50 silly mapToRegistry   spec: 'latest',
50 silly mapToRegistry   type: 'tag' }
51 silly mapToRegistry uri https://registry.npmjs.org/babel-plugin-transform-regenerator
52 silly fetchNamedPackageData babel-preset-en
53 silly mapToRegistry name babel-preset-en
54 silly mapToRegistry using default registry
55 silly mapToRegistry registry https://registry.npmjs.org/
56 silly mapToRegistry data Result {
56 silly mapToRegistry   raw: 'babel-preset-en',
56 silly mapToRegistry   scope: null,
56 silly mapToRegistry   name: 'babel-preset-en',
56 silly mapToRegistry   rawSpec: '',
56 silly mapToRegistry   spec: 'latest',
56 silly mapToRegistry   type: 'tag' }
57 silly mapToRegistry uri https://registry.npmjs.org/babel-preset-en
58 silly fetchNamedPackageData babel-preset-es2015
59 silly mapToRegistry name babel-preset-es2015
60 silly mapToRegistry using default registry
61 silly mapToRegistry registry https://registry.npmjs.org/
62 silly mapToRegistry data Result {
62 silly mapToRegistry   raw: 'babel-preset-es2015',
62 silly mapToRegistry   scope: null,
62 silly mapToRegistry   name: 'babel-preset-es2015',
62 silly mapToRegistry   rawSpec: '',
62 silly mapToRegistry   spec: 'latest',
62 silly mapToRegistry   type: 'tag' }
63 silly mapToRegistry uri https://registry.npmjs.org/babel-preset-es2015
64 silly fetchNamedPackageData babel-preset-stage-1
65 silly mapToRegistry name babel-preset-stage-1
66 silly mapToRegistry using default registry
67 silly mapToRegistry registry https://registry.npmjs.org/
68 silly mapToRegistry data Result {
68 silly mapToRegistry   raw: 'babel-preset-stage-1',
68 silly mapToRegistry   scope: null,
68 silly mapToRegistry   name: 'babel-preset-stage-1',
68 silly mapToRegistry   rawSpec: '',
68 silly mapToRegistry   spec: 'latest',
68 silly mapToRegistry   type: 'tag' }
69 silly mapToRegistry uri https://registry.npmjs.org/babel-preset-stage-1
70 verbose request uri https://registry.npmjs.org/babel
71 verbose request no auth needed
72 info attempt registry request try #1 at 2:07:00 AM
73 verbose request using bearer token for auth
74 verbose request id 1b33b1c55b5cb900
75 http request GET https://registry.npmjs.org/babel
76 verbose request uri https://registry.npmjs.org/babel-plugin-transform-decorators-legacy
77 verbose request no auth needed
78 info attempt registry request try #1 at 2:07:00 AM
79 verbose request using bearer token for auth
80 http request GET https://registry.npmjs.org/babel-plugin-transform-decorators-legacy
81 verbose request uri https://registry.npmjs.org/babel-preset-en
82 verbose request no auth needed
83 info attempt registry request try #1 at 2:07:00 AM
84 verbose request using bearer token for auth
85 http request GET https://registry.npmjs.org/babel-preset-en
86 verbose request uri https://registry.npmjs.org/babel-cli
87 verbose request no auth needed
88 info attempt registry request try #1 at 2:07:00 AM
89 verbose request using bearer token for auth
90 verbose etag W/"59788dad-1c6ce"
91 verbose lastModified Wed, 26 Jul 2017 12:40:13 GMT
92 http request GET https://registry.npmjs.org/babel-cli
93 verbose request uri https://registry.npmjs.org/babel-eslint
94 verbose request no auth needed
95 info attempt registry request try #1 at 2:07:00 AM
96 verbose request using bearer token for auth
97 verbose etag W/"5978f95a-27ece"
98 verbose lastModified Wed, 26 Jul 2017 20:19:38 GMT
99 http request GET https://registry.npmjs.org/babel-eslint
100 verbose request uri https://registry.npmjs.org/babel-plugin-transform-class-properties
101 verbose request no auth needed
102 info attempt registry request try #1 at 2:07:00 AM
103 verbose request using bearer token for auth
104 verbose etag W/"597babb8-e7d7"
105 verbose lastModified Fri, 28 Jul 2017 21:25:12 GMT
106 http request GET https://registry.npmjs.org/babel-plugin-transform-class-properties
107 verbose request uri https://registry.npmjs.org/babel-plugin-transform-regenerator
108 verbose request no auth needed
109 info attempt registry request try #1 at 2:07:00 AM
110 verbose request using bearer token for auth
111 verbose etag W/"59788d71-11816"
112 verbose lastModified Wed, 26 Jul 2017 12:39:13 GMT
113 http request GET https://registry.npmjs.org/babel-plugin-transform-regenerator
114 verbose request uri https://registry.npmjs.org/babel-preset-es2015
115 verbose request no auth needed
116 info attempt registry request try #1 at 2:07:00 AM
117 verbose request using bearer token for auth
118 verbose etag W/"58e7cc7a-110ef"
119 verbose lastModified Fri, 07 Apr 2017 17:29:30 GMT
120 http request GET https://registry.npmjs.org/babel-preset-es2015
121 verbose request uri https://registry.npmjs.org/babel-preset-stage-1
122 verbose request no auth needed
123 info attempt registry request try #1 at 2:07:00 AM
124 verbose request using bearer token for auth
125 verbose etag W/"58815cd4-3f7e"
126 verbose lastModified Fri, 20 Jan 2017 00:41:56 GMT
127 http request GET https://registry.npmjs.org/babel-preset-stage-1
128 http 200 https://registry.npmjs.org/babel-plugin-transform-decorators-legacy
129 verbose headers { server: 'nginx/1.10.1',
129 verbose headers   'content-type': 'application/json',
129 verbose headers   'last-modified': 'Tue, 01 Aug 2017 10:39:28 GMT',
129 verbose headers   etag: 'W/"59805a60-4eb9"',
129 verbose headers   'content-encoding': 'gzip',
129 verbose headers   'cache-control': 'max-age=300',
129 verbose headers   'transfer-encoding': 'chunked',
129 verbose headers   'accept-ranges': 'bytes',
129 verbose headers   date: 'Sat, 12 Aug 2017 00:07:00 GMT',
129 verbose headers   via: '1.1 varnish',
129 verbose headers   connection: 'keep-alive',
129 verbose headers   'x-served-by': 'cache-hhn1540-HHN',
129 verbose headers   'x-cache': 'MISS',
129 verbose headers   'x-cache-hits': '0',
129 verbose headers   'x-timer': 'S1502496421.945440,VS0,VE3',
129 verbose headers   vary: 'Accept-Encoding, Accept' }
130 silly get cb [ 200,
130 silly get   { server: 'nginx/1.10.1',
130 silly get     'content-type': 'application/json',
130 silly get     'last-modified': 'Tue, 01 Aug 2017 10:39:28 GMT',
130 silly get     etag: 'W/"59805a60-4eb9"',
130 silly get     'content-encoding': 'gzip',
130 silly get     'cache-control': 'max-age=300',
130 silly get     'transfer-encoding': 'chunked',
130 silly get     'accept-ranges': 'bytes',
130 silly get     date: 'Sat, 12 Aug 2017 00:07:00 GMT',
130 silly get     via: '1.1 varnish',
130 silly get     connection: 'keep-alive',
130 silly get     'x-served-by': 'cache-hhn1540-HHN',
130 silly get     'x-cache': 'MISS',
130 silly get     'x-cache-hits': '0',
130 silly get     'x-timer': 'S1502496421.945440,VS0,VE3',
130 silly get     vary: 'Accept-Encoding, Accept' } ]
131 verbose get saving babel-plugin-transform-decorators-legacy to /Users/sovanta/.npm/registry.npmjs.org/babel-plugin-transform-decorators-legacy/.cache.json
132 verbose correctMkdir /Users/sovanta/.npm correctMkdir not in flight; initializing
133 http 304 https://registry.npmjs.org/babel-eslint
134 verbose headers { server: 'nginx/1.10.1',
134 verbose headers   'last-modified': 'Wed, 26 Jul 2017 20:19:38 GMT',
134 verbose headers   etag: '"5978f95a-27ece"',
134 verbose headers   'cache-control': 'max-age=300',
134 verbose headers   'accept-ranges': 'bytes',
134 verbose headers   date: 'Sat, 12 Aug 2017 00:07:00 GMT',
134 verbose headers   via: '1.1 varnish',
134 verbose headers   connection: 'keep-alive',
134 verbose headers   'x-served-by': 'cache-hhn1548-HHN',
134 verbose headers   'x-cache': 'MISS',
134 verbose headers   'x-cache-hits': '0',
134 verbose headers   'x-timer': 'S1502496421.956405,VS0,VE1',
134 verbose headers   vary: 'Accept-Encoding, Accept' }
135 silly get cb [ 304,
135 silly get   { server: 'nginx/1.10.1',
135 silly get     'last-modified': 'Wed, 26 Jul 2017 20:19:38 GMT',
135 silly get     etag: '"5978f95a-27ece"',
135 silly get     'cache-control': 'max-age=300',
135 silly get     'accept-ranges': 'bytes',
135 silly get     date: 'Sat, 12 Aug 2017 00:07:00 GMT',
135 silly get     via: '1.1 varnish',
135 silly get     connection: 'keep-alive',
135 silly get     'x-served-by': 'cache-hhn1548-HHN',
135 silly get     'x-cache': 'MISS',
135 silly get     'x-cache-hits': '0',
135 silly get     'x-timer': 'S1502496421.956405,VS0,VE1',
135 silly get     vary: 'Accept-Encoding, Accept' } ]
136 verbose etag https://registry.npmjs.org/babel-eslint from cache
137 verbose get saving babel-eslint to /Users/sovanta/.npm/registry.npmjs.org/babel-eslint/.cache.json
138 verbose correctMkdir /Users/sovanta/.npm correctMkdir not in flight; initializing
139 http 200 https://registry.npmjs.org/babel-plugin-transform-class-properties
140 verbose headers { server: 'nginx/1.10.1',
140 verbose headers   'content-type': 'application/json',
140 verbose headers   'last-modified': 'Mon, 07 Aug 2017 22:22:20 GMT',
140 verbose headers   etag: 'W/"5988e81c-f4a4"',
140 verbose headers   'content-encoding': 'gzip',
140 verbose headers   'cache-control': 'max-age=300',
140 verbose headers   'transfer-encoding': 'chunked',
140 verbose headers   'accept-ranges': 'bytes',
140 verbose headers   date: 'Sat, 12 Aug 2017 00:07:00 GMT',
140 verbose headers   via: '1.1 varnish',
140 verbose headers   connection: 'keep-alive',
140 verbose headers   'x-served-by': 'cache-hhn1521-HHN',
140 verbose headers   'x-cache': 'MISS',
140 verbose headers   'x-cache-hits': '0',
140 verbose headers   'x-timer': 'S1502496421.963088,VS0,VE2',
140 verbose headers   vary: 'Accept-Encoding, Accept' }
141 silly get cb [ 200,
141 silly get   { server: 'nginx/1.10.1',
141 silly get     'content-type': 'application/json',
141 silly get     'last-modified': 'Mon, 07 Aug 2017 22:22:20 GMT',
141 silly get     etag: 'W/"5988e81c-f4a4"',
141 silly get     'content-encoding': 'gzip',
141 silly get     'cache-control': 'max-age=300',
141 silly get     'transfer-encoding': 'chunked',
141 silly get     'accept-ranges': 'bytes',
141 silly get     date: 'Sat, 12 Aug 2017 00:07:00 GMT',
141 silly get     via: '1.1 varnish',
141 silly get     connection: 'keep-alive',
141 silly get     'x-served-by': 'cache-hhn1521-HHN',
141 silly get     'x-cache': 'MISS',
141 silly get     'x-cache-hits': '0',
141 silly get     'x-timer': 'S1502496421.963088,VS0,VE2',
141 silly get     vary: 'Accept-Encoding, Accept' } ]
142 verbose get saving babel-plugin-transform-class-properties to /Users/sovanta/.npm/registry.npmjs.org/babel-plugin-transform-class-properties/.cache.json
143 verbose correctMkdir /Users/sovanta/.npm correctMkdir not in flight; initializing
144 http 200 https://registry.npmjs.org/babel-plugin-transform-regenerator
145 verbose headers { server: 'nginx/1.10.1',
145 verbose headers   'content-type': 'application/json',
145 verbose headers   'last-modified': 'Mon, 07 Aug 2017 22:21:38 GMT',
145 verbose headers   etag: 'W/"5988e7f2-12466"',
145 verbose headers   'content-encoding': 'gzip',
145 verbose headers   'cache-control': 'max-age=300',
145 verbose headers   'transfer-encoding': 'chunked',
145 verbose headers   'accept-ranges': 'bytes',
145 verbose headers   date: 'Sat, 12 Aug 2017 00:07:00 GMT',
145 verbose headers   via: '1.1 varnish',
145 verbose headers   connection: 'keep-alive',
145 verbose headers   'x-served-by': 'cache-hhn1528-HHN',
145 verbose headers   'x-cache': 'MISS',
145 verbose headers   'x-cache-hits': '0',
145 verbose headers   'x-timer': 'S1502496421.974294,VS0,VE2',
145 verbose headers   vary: 'Accept-Encoding, Accept' }
146 silly get cb [ 200,
146 silly get   { server: 'nginx/1.10.1',
146 silly get     'content-type': 'application/json',
146 silly get     'last-modified': 'Mon, 07 Aug 2017 22:21:38 GMT',
146 silly get     etag: 'W/"5988e7f2-12466"',
146 silly get     'content-encoding': 'gzip',
146 silly get     'cache-control': 'max-age=300',
146 silly get     'transfer-encoding': 'chunked',
146 silly get     'accept-ranges': 'bytes',
146 silly get     date: 'Sat, 12 Aug 2017 00:07:00 GMT',
146 silly get     via: '1.1 varnish',
146 silly get     connection: 'keep-alive',
146 silly get     'x-served-by': 'cache-hhn1528-HHN',
146 silly get     'x-cache': 'MISS',
146 silly get     'x-cache-hits': '0',
146 silly get     'x-timer': 'S1502496421.974294,VS0,VE2',
146 silly get     vary: 'Accept-Encoding, Accept' } ]
147 verbose get saving babel-plugin-transform-regenerator to /Users/sovanta/.npm/registry.npmjs.org/babel-plugin-transform-regenerator/.cache.json
148 verbose correctMkdir /Users/sovanta/.npm correctMkdir not in flight; initializing
149 http 200 https://registry.npmjs.org/babel-preset-stage-1
150 verbose headers { server: 'nginx/1.10.1',
150 verbose headers   'content-type': 'application/json',
150 verbose headers   'last-modified': 'Tue, 08 Aug 2017 08:47:36 GMT',
150 verbose headers   etag: 'W/"59897aa8-9772"',
150 verbose headers   'content-encoding': 'gzip',
150 verbose headers   'cache-control': 'max-age=300',
150 verbose headers   'transfer-encoding': 'chunked',
150 verbose headers   'accept-ranges': 'bytes',
150 verbose headers   date: 'Sat, 12 Aug 2017 00:07:00 GMT',
150 verbose headers   via: '1.1 varnish',
150 verbose headers   connection: 'keep-alive',
150 verbose headers   'x-served-by': 'cache-hhn1540-HHN',
150 verbose headers   'x-cache': 'MISS',
150 verbose headers   'x-cache-hits': '0',
150 verbose headers   'x-timer': 'S1502496421.989352,VS0,VE2',
150 verbose headers   vary: 'Accept-Encoding, Accept' }
151 silly get cb [ 200,
151 silly get   { server: 'nginx/1.10.1',
151 silly get     'content-type': 'application/json',
151 silly get     'last-modified': 'Tue, 08 Aug 2017 08:47:36 GMT',
151 silly get     etag: 'W/"59897aa8-9772"',
151 silly get     'content-encoding': 'gzip',
151 silly get     'cache-control': 'max-age=300',
151 silly get     'transfer-encoding': 'chunked',
151 silly get     'accept-ranges': 'bytes',
151 silly get     date: 'Sat, 12 Aug 2017 00:07:00 GMT',
151 silly get     via: '1.1 varnish',
151 silly get     connection: 'keep-alive',
151 silly get     'x-served-by': 'cache-hhn1540-HHN',
151 silly get     'x-cache': 'MISS',
151 silly get     'x-cache-hits': '0',
151 silly get     'x-timer': 'S1502496421.989352,VS0,VE2',
151 silly get     vary: 'Accept-Encoding, Accept' } ]
152 verbose get saving babel-preset-stage-1 to /Users/sovanta/.npm/registry.npmjs.org/babel-preset-stage-1/.cache.json
153 verbose correctMkdir /Users/sovanta/.npm correctMkdir not in flight; initializing
154 http 200 https://registry.npmjs.org/babel-cli
155 verbose headers { server: 'nginx/1.10.1',
155 verbose headers   'content-type': 'application/json',
155 verbose headers   'last-modified': 'Tue, 08 Aug 2017 08:47:00 GMT',
155 verbose headers   etag: 'W/"59897a84-1d5a6"',
155 verbose headers   'content-encoding': 'gzip',
155 verbose headers   'cache-control': 'max-age=300',
155 verbose headers   'transfer-encoding': 'chunked',
155 verbose headers   'accept-ranges': 'bytes',
155 verbose headers   date: 'Sat, 12 Aug 2017 00:07:00 GMT',
155 verbose headers   via: '1.1 varnish',
155 verbose headers   connection: 'keep-alive',
155 verbose headers   'x-served-by': 'cache-hhn1527-HHN',
155 verbose headers   'x-cache': 'MISS',
155 verbose headers   'x-cache-hits': '0',
155 verbose headers   'x-timer': 'S1502496421.951433,VS0,VE3',
155 verbose headers   vary: 'Accept-Encoding, Accept' }
156 silly get cb [ 200,
156 silly get   { server: 'nginx/1.10.1',
156 silly get     'content-type': 'application/json',
156 silly get     'last-modified': 'Tue, 08 Aug 2017 08:47:00 GMT',
156 silly get     etag: 'W/"59897a84-1d5a6"',
156 silly get     'content-encoding': 'gzip',
156 silly get     'cache-control': 'max-age=300',
156 silly get     'transfer-encoding': 'chunked',
156 silly get     'accept-ranges': 'bytes',
156 silly get     date: 'Sat, 12 Aug 2017 00:07:00 GMT',
156 silly get     via: '1.1 varnish',
156 silly get     connection: 'keep-alive',
156 silly get     'x-served-by': 'cache-hhn1527-HHN',
156 silly get     'x-cache': 'MISS',
156 silly get     'x-cache-hits': '0',
156 silly get     'x-timer': 'S1502496421.951433,VS0,VE3',
156 silly get     vary: 'Accept-Encoding, Accept' } ]
157 verbose get saving babel-cli to /Users/sovanta/.npm/registry.npmjs.org/babel-cli/.cache.json
158 verbose correctMkdir /Users/sovanta/.npm correctMkdir not in flight; initializing
159 http 200 https://registry.npmjs.org/babel
160 verbose headers { server: 'nginx/1.10.1',
160 verbose headers   'content-type': 'application/json',
160 verbose headers   'last-modified': 'Fri, 04 Aug 2017 09:59:03 GMT',
160 verbose headers   etag: 'W/"59844567-3cdca"',
160 verbose headers   'content-encoding': 'gzip',
160 verbose headers   'cache-control': 'max-age=300',
160 verbose headers   'transfer-encoding': 'chunked',
160 verbose headers   'accept-ranges': 'bytes',
160 verbose headers   date: 'Sat, 12 Aug 2017 00:07:00 GMT',
160 verbose headers   via: '1.1 varnish',
160 verbose headers   connection: 'keep-alive',
160 verbose headers   'x-served-by': 'cache-hhn1549-HHN',
160 verbose headers   'x-cache': 'MISS',
160 verbose headers   'x-cache-hits': '0',
160 verbose headers   'x-timer': 'S1502496421.936519,VS0,VE10',
160 verbose headers   vary: 'Accept-Encoding, Accept' }
161 silly get cb [ 200,
161 silly get   { server: 'nginx/1.10.1',
161 silly get     'content-type': 'application/json',
161 silly get     'last-modified': 'Fri, 04 Aug 2017 09:59:03 GMT',
161 silly get     etag: 'W/"59844567-3cdca"',
161 silly get     'content-encoding': 'gzip',
161 silly get     'cache-control': 'max-age=300',
161 silly get     'transfer-encoding': 'chunked',
161 silly get     'accept-ranges': 'bytes',
161 silly get     date: 'Sat, 12 Aug 2017 00:07:00 GMT',
161 silly get     via: '1.1 varnish',
161 silly get     connection: 'keep-alive',
161 silly get     'x-served-by': 'cache-hhn1549-HHN',
161 silly get     'x-cache': 'MISS',
161 silly get     'x-cache-hits': '0',
161 silly get     'x-timer': 'S1502496421.936519,VS0,VE10',
161 silly get     vary: 'Accept-Encoding, Accept' } ]
162 verbose get saving babel to /Users/sovanta/.npm/registry.npmjs.org/babel/.cache.json
163 verbose correctMkdir /Users/sovanta/.npm correctMkdir not in flight; initializing
164 http 200 https://registry.npmjs.org/babel-preset-es2015
165 verbose headers { server: 'nginx/1.10.1',
165 verbose headers   'content-type': 'application/json',
165 verbose headers   'last-modified': 'Tue, 08 Aug 2017 08:48:26 GMT',
165 verbose headers   etag: 'W/"59897ada-18c0e"',
165 verbose headers   'content-encoding': 'gzip',
165 verbose headers   'cache-control': 'max-age=300',
165 verbose headers   'transfer-encoding': 'chunked',
165 verbose headers   'accept-ranges': 'bytes',
165 verbose headers   date: 'Sat, 12 Aug 2017 00:07:00 GMT',
165 verbose headers   via: '1.1 varnish',
165 verbose headers   connection: 'keep-alive',
165 verbose headers   'x-served-by': 'cache-hhn1521-HHN',
165 verbose headers   'x-cache': 'MISS',
165 verbose headers   'x-cache-hits': '0',
165 verbose headers   'x-timer': 'S1502496421.975925,VS0,VE3',
165 verbose headers   vary: 'Accept-Encoding, Accept' }
166 silly get cb [ 200,
166 silly get   { server: 'nginx/1.10.1',
166 silly get     'content-type': 'application/json',
166 silly get     'last-modified': 'Tue, 08 Aug 2017 08:48:26 GMT',
166 silly get     etag: 'W/"59897ada-18c0e"',
166 silly get     'content-encoding': 'gzip',
166 silly get     'cache-control': 'max-age=300',
166 silly get     'transfer-encoding': 'chunked',
166 silly get     'accept-ranges': 'bytes',
166 silly get     date: 'Sat, 12 Aug 2017 00:07:00 GMT',
166 silly get     via: '1.1 varnish',
166 silly get     connection: 'keep-alive',
166 silly get     'x-served-by': 'cache-hhn1521-HHN',
166 silly get     'x-cache': 'MISS',
166 silly get     'x-cache-hits': '0',
166 silly get     'x-timer': 'S1502496421.975925,VS0,VE3',
166 silly get     vary: 'Accept-Encoding, Accept' } ]
167 verbose get saving babel-preset-es2015 to /Users/sovanta/.npm/registry.npmjs.org/babel-preset-es2015/.cache.json
168 verbose correctMkdir /Users/sovanta/.npm correctMkdir not in flight; initializing
169 http 404 https://registry.npmjs.org/babel-preset-en
170 verbose headers { 'content-type': 'application/json',
170 verbose headers   'cache-control': 'max-age=0',
170 verbose headers   'content-length': '2',
170 verbose headers   'accept-ranges': 'bytes',
170 verbose headers   date: 'Sat, 12 Aug 2017 00:07:01 GMT',
170 verbose headers   via: '1.1 varnish',
170 verbose headers   connection: 'keep-alive',
170 verbose headers   'x-served-by': 'cache-hhn1548-HHN',
170 verbose headers   'x-cache': 'MISS',
170 verbose headers   'x-cache-hits': '0',
170 verbose headers   'x-timer': 'S1502496421.949821,VS0,VE443',
170 verbose headers   vary: 'Accept-Encoding' }
171 silly get cb [ 404,
171 silly get   { 'content-type': 'application/json',
171 silly get     'cache-control': 'max-age=0',
171 silly get     'content-length': '2',
171 silly get     'accept-ranges': 'bytes',
171 silly get     date: 'Sat, 12 Aug 2017 00:07:01 GMT',
171 silly get     via: '1.1 varnish',
171 silly get     connection: 'keep-alive',
171 silly get     'x-served-by': 'cache-hhn1548-HHN',
171 silly get     'x-cache': 'MISS',
171 silly get     'x-cache-hits': '0',
171 silly get     'x-timer': 'S1502496421.949821,VS0,VE443',
171 silly get     vary: 'Accept-Encoding' } ]
172 silly fetchPackageMetaData Error: Registry returned 404 for GET on https://registry.npmjs.org/babel-preset-en
172 silly fetchPackageMetaData     at makeError (/Users/sovanta/.nvm/versions/node/v6.0.0/lib/node_modules/npm/node_modules/npm-registry-client/lib/request.js:264:12)
172 silly fetchPackageMetaData     at CachingRegistryClient.<anonymous> (/Users/sovanta/.nvm/versions/node/v6.0.0/lib/node_modules/npm/node_modules/npm-registry-client/lib/request.js:242:14)
172 silly fetchPackageMetaData     at Request._callback (/Users/sovanta/.nvm/versions/node/v6.0.0/lib/node_modules/npm/node_modules/npm-registry-client/lib/request.js:172:14)
172 silly fetchPackageMetaData     at Request.self.callback (/Users/sovanta/.nvm/versions/node/v6.0.0/lib/node_modules/npm/node_modules/request/request.js:199:22)
172 silly fetchPackageMetaData     at emitTwo (events.js:106:13)
172 silly fetchPackageMetaData     at Request.emit (events.js:191:7)
172 silly fetchPackageMetaData     at Request.<anonymous> (/Users/sovanta/.nvm/versions/node/v6.0.0/lib/node_modules/npm/node_modules/request/request.js:1036:10)
172 silly fetchPackageMetaData     at emitOne (events.js:101:20)
172 silly fetchPackageMetaData     at Request.emit (events.js:188:7)
172 silly fetchPackageMetaData     at IncomingMessage.<anonymous> (/Users/sovanta/.nvm/versions/node/v6.0.0/lib/node_modules/npm/node_modules/request/request.js:963:12)
172 silly fetchPackageMetaData  error for babel-preset-en { Error: Registry returned 404 for GET on https://registry.npmjs.org/babel-preset-en
172 silly fetchPackageMetaData     at makeError (/Users/sovanta/.nvm/versions/node/v6.0.0/lib/node_modules/npm/node_modules/npm-registry-client/lib/request.js:264:12)
172 silly fetchPackageMetaData     at CachingRegistryClient.<anonymous> (/Users/sovanta/.nvm/versions/node/v6.0.0/lib/node_modules/npm/node_modules/npm-registry-client/lib/request.js:242:14)
172 silly fetchPackageMetaData     at Request._callback (/Users/sovanta/.nvm/versions/node/v6.0.0/lib/node_modules/npm/node_modules/npm-registry-client/lib/request.js:172:14)
172 silly fetchPackageMetaData     at Request.self.callback (/Users/sovanta/.nvm/versions/node/v6.0.0/lib/node_modules/npm/node_modules/request/request.js:199:22)
172 silly fetchPackageMetaData     at emitTwo (events.js:106:13)
172 silly fetchPackageMetaData     at Request.emit (events.js:191:7)
172 silly fetchPackageMetaData     at Request.<anonymous> (/Users/sovanta/.nvm/versions/node/v6.0.0/lib/node_modules/npm/node_modules/request/request.js:1036:10)
172 silly fetchPackageMetaData     at emitOne (events.js:101:20)
172 silly fetchPackageMetaData     at Request.emit (events.js:188:7)
172 silly fetchPackageMetaData     at IncomingMessage.<anonymous> (/Users/sovanta/.nvm/versions/node/v6.0.0/lib/node_modules/npm/node_modules/request/request.js:963:12) pkgid: 'babel-preset-en', statusCode: 404, code: 'E404' }
173 silly rollbackFailedOptional Starting
174 silly rollbackFailedOptional Finishing
175 silly runTopLevelLifecycles Starting
176 silly runTopLevelLifecycles Finishing
177 silly install printInstalled
178 verbose stack Error: Registry returned 404 for GET on https://registry.npmjs.org/babel-preset-en
178 verbose stack     at makeError (/Users/sovanta/.nvm/versions/node/v6.0.0/lib/node_modules/npm/node_modules/npm-registry-client/lib/request.js:264:12)
178 verbose stack     at CachingRegistryClient.<anonymous> (/Users/sovanta/.nvm/versions/node/v6.0.0/lib/node_modules/npm/node_modules/npm-registry-client/lib/request.js:242:14)
178 verbose stack     at Request._callback (/Users/sovanta/.nvm/versions/node/v6.0.0/lib/node_modules/npm/node_modules/npm-registry-client/lib/request.js:172:14)
178 verbose stack     at Request.self.callback (/Users/sovanta/.nvm/versions/node/v6.0.0/lib/node_modules/npm/node_modules/request/request.js:199:22)
178 verbose stack     at emitTwo (events.js:106:13)
178 verbose stack     at Request.emit (events.js:191:7)
178 verbose stack     at Request.<anonymous> (/Users/sovanta/.nvm/versions/node/v6.0.0/lib/node_modules/npm/node_modules/request/request.js:1036:10)
178 verbose stack     at emitOne (events.js:101:20)
178 verbose stack     at Request.emit (events.js:188:7)
178 verbose stack     at IncomingMessage.<anonymous> (/Users/sovanta/.nvm/versions/node/v6.0.0/lib/node_modules/npm/node_modules/request/request.js:963:12)
179 verbose statusCode 404
180 verbose pkgid babel-preset-en
181 verbose cwd /Applications/XAMPP/xamppfiles/htdocs/proyectos/personales/github/mdn_nvim/rplugin/node
182 error Darwin 16.7.0
183 error argv "/Users/sovanta/.nvm/versions/node/v6.0.0/bin/node" "/Users/sovanta/.nvm/versions/node/v6.0.0/bin/npm" "install" "babel" "babel-cli" "babel-eslint" "babel-plugin-transform-class-properties" "babel-plugin-transform-decorators-legacy" "babel-plugin-transform-regenerator" "babel-preset-en" "babel-preset-es2015" "babel-preset-stage-1"
184 error node v6.0.0
185 error npm  v3.8.6
186 error code E404
187 error 404 Registry returned 404 for GET on https://registry.npmjs.org/babel-preset-en
188 error 404
189 error 404 'babel-preset-en' is not in the npm registry.
190 error 404 You should bug the author to publish it (or use the name yourself!)
191 error 404 Note that you can also install from a
192 error 404 tarball, folder, http url, or git url.
193 verbose exit [ 1, true ]
